09:13:41.106 INFO  [restartedMain][QuestionnaireApplication.logStarting(StartupInfoLogger.java:55)] Starting QuestionnaireApplication using Java 17.0.2 on DESKTOP-DG5SNN9 with PID 5764 (D:\產業尖兵\Java_project\questionnaire\bin\main started by TOM HSIEH in D:\產業尖兵\Java_project\questionnaire)
09:13:41.202 INFO  [restartedMain][QuestionnaireApplication.logStartupProfileInfo(SpringApplication.java:632)] No active profile set, falling back to 1 default profile: "default"
09:13:41.362 INFO  [restartedMain][DevToolsPropertyDefaultsPostProcessor.logTo(DeferredLog.java:255)] Devtools property defaults active! Set 'spring.devtools.add-properties' to 'false' to disable
09:13:41.363 INFO  [restartedMain][DevToolsPropertyDefaultsPostProcessor.logTo(DeferredLog.java:255)] For additional web related logging consider setting the 'logging.level.web' property to 'DEBUG'
09:13:43.562 INFO  [restartedMain][RepositoryConfigurationDelegate.registerRepositoriesIn(RepositoryConfigurationDelegate.java:132)] Bootstrapping Spring Data JPA repositories in DEFAULT mode.
09:13:43.734 INFO  [restartedMain][RepositoryConfigurationDelegate.registerRepositoriesIn(RepositoryConfigurationDelegate.java:201)] Finished Spring Data repository scanning in 142 ms. Found 3 JPA repository interfaces.
09:13:46.990 INFO  [restartedMain][TomcatWebServer.initialize(TomcatWebServer.java:108)] Tomcat initialized with port(s): 8081 (http)
09:13:47.010 INFO  [restartedMain][Http11NioProtocol.log(DirectJDKLog.java:173)] Initializing ProtocolHandler ["http-nio-8081"]
09:13:47.014 INFO  [restartedMain][StandardService.log(DirectJDKLog.java:173)] Starting service [Tomcat]
09:13:47.015 INFO  [restartedMain][StandardEngine.log(DirectJDKLog.java:173)] Starting Servlet engine: [Apache Tomcat/9.0.82]
09:13:47.278 INFO  [restartedMain][[/].log(DirectJDKLog.java:173)] Initializing Spring embedded WebApplicationContext
09:13:47.280 INFO  [restartedMain][ServletWebServerApplicationContext.prepareWebApplicationContext(ServletWebServerApplicationContext.java:292)] Root WebApplicationContext: initialization completed in 5890 ms
09:13:47.763 INFO  [restartedMain][HikariDataSource.getConnection(HikariDataSource.java:110)] HikariPool-1 - Starting...
09:13:49.356 INFO  [restartedMain][HikariDataSource.getConnection(HikariDataSource.java:123)] HikariPool-1 - Start completed.
09:13:49.473 INFO  [restartedMain][LogHelper.logPersistenceUnitInformation(LogHelper.java:31)] HHH000204: Processing PersistenceUnitInfo [name: default]
09:13:49.662 INFO  [restartedMain][Version.logVersion(Version.java:44)] HHH000412: Hibernate ORM core version 5.6.15.Final
09:13:50.201 INFO  [restartedMain][Version.<clinit>(JavaReflectionManager.java:56)] HCANN000001: Hibernate Commons Annotations {5.1.2.Final}
09:13:50.610 INFO  [restartedMain][Dialect.<init>(Dialect.java:175)] HHH000400: Using dialect: org.hibernate.dialect.MySQL8Dialect
09:13:51.304 WARN  [restartedMain][RootClass.checkCompositeIdentifier(RootClass.java:287)] HHH000038: Composite-id class does not override equals(): com.example.questionnaire.entity.QuestionId
09:13:51.305 WARN  [restartedMain][RootClass.checkCompositeIdentifier(RootClass.java:290)] HHH000039: Composite-id class does not override hashCode(): com.example.questionnaire.entity.QuestionId
09:13:52.247 INFO  [restartedMain][JtaPlatformInitiator.initiateService(JtaPlatformInitiator.java:52)] HHH000490: Using JtaPlatform implementation: [org.hibernate.engine.transaction.jta.platform.internal.NoJtaPlatform]
09:13:52.273 INFO  [restartedMain][LocalContainerEntityManagerFactoryBean.buildNativeEntityManagerFactory(AbstractEntityManagerFactoryBean.java:437)] Initialized JPA EntityManagerFactory for persistence unit 'default'
09:13:53.768 WARN  [restartedMain][JpaBaseConfiguration$JpaWebConfiguration.openEntityManagerInViewInterceptor(JpaBaseConfiguration.java:223)] spring.jpa.open-in-view is enabled by default. Therefore, database queries may be performed during view rendering. Explicitly configure spring.jpa.open-in-view to disable this warning
09:13:54.683 INFO  [restartedMain][OptionalLiveReloadServer.startServer(OptionalLiveReloadServer.java:59)] LiveReload server is running on port 35729
09:13:54.710 INFO  [restartedMain][Http11NioProtocol.log(DirectJDKLog.java:173)] Starting ProtocolHandler ["http-nio-8081"]
09:13:54.948 INFO  [restartedMain][TomcatWebServer.start(TomcatWebServer.java:220)] Tomcat started on port(s): 8081 (http) with context path ''
09:13:54.982 INFO  [restartedMain][QuestionnaireApplication.logStarted(StartupInfoLogger.java:61)] Started QuestionnaireApplication in 14.789 seconds (JVM running for 17.972)
09:14:07.863 INFO  [http-nio-8081-exec-1][[/].log(DirectJDKLog.java:173)] Initializing Spring DispatcherServlet 'dispatcherServlet'
09:14:07.864 INFO  [http-nio-8081-exec-1][DispatcherServlet.initServletBean(FrameworkServlet.java:525)] Initializing Servlet 'dispatcherServlet'
09:14:07.892 INFO  [http-nio-8081-exec-1][DispatcherServlet.initServletBean(FrameworkServlet.java:547)] Completed initialization in 27 ms
09:35:16.734 WARN  [http-nio-8081-exec-8][DefaultHandlerExceptionResolver.logException(AbstractHandlerExceptionResolver.java:208)] Resolved [org.springframework.web.method.annotation.MethodArgumentTypeMismatchException: Failed to convert value of type 'java.lang.String' to required type 'int'; nested exception is java.lang.NumberFormatException: For input string: "undefined"]
09:35:23.517 WARN  [http-nio-8081-exec-9][DefaultHandlerExceptionResolver.logException(AbstractHandlerExceptionResolver.java:208)] Resolved [org.springframework.web.method.annotation.MethodArgumentTypeMismatchException: Failed to convert value of type 'java.lang.String' to required type 'int'; nested exception is java.lang.NumberFormatException: For input string: "undefined"]
09:38:37.637 WARN  [http-nio-8081-exec-1][DefaultHandlerExceptionResolver.logException(AbstractHandlerExceptionResolver.java:208)] Resolved [org.springframework.web.method.annotation.MethodArgumentTypeMismatchException: Failed to convert value of type 'java.lang.String' to required type 'int'; nested exception is java.lang.NumberFormatException: For input string: "undefined"]
12:49:51.900 WARN  [HikariPool-1 housekeeper][HikariPool.run(HikariPool.java:788)] HikariPool-1 - Thread starvation or clock leap detected (housekeeper delta=15m31s717ms864µs500ns).
12:50:50.313 WARN  [HikariPool-1 housekeeper][HikariPool.run(HikariPool.java:788)] HikariPool-1 - Thread starvation or clock leap detected (housekeeper delta=1m25s655ms810µs100ns).
