09:09:18.373 INFO  [restartedMain][QuestionnaireApplication.logStarting(StartupInfoLogger.java:55)] Starting QuestionnaireApplication using Java 17.0.2 on DESKTOP-DG5SNN9 with PID 3388 (D:\產業尖兵\Java_project\questionnaire\bin\main started by TOM HSIEH in D:\產業尖兵\Java_project\questionnaire)
09:09:18.385 INFO  [restartedMain][QuestionnaireApplication.logStartupProfileInfo(SpringApplication.java:632)] No active profile set, falling back to 1 default profile: "default"
09:09:18.593 INFO  [restartedMain][DevToolsPropertyDefaultsPostProcessor.logTo(DeferredLog.java:255)] Devtools property defaults active! Set 'spring.devtools.add-properties' to 'false' to disable
09:09:18.594 INFO  [restartedMain][DevToolsPropertyDefaultsPostProcessor.logTo(DeferredLog.java:255)] For additional web related logging consider setting the 'logging.level.web' property to 'DEBUG'
09:09:21.000 INFO  [restartedMain][RepositoryConfigurationDelegate.registerRepositoriesIn(RepositoryConfigurationDelegate.java:132)] Bootstrapping Spring Data JPA repositories in DEFAULT mode.
09:09:21.415 INFO  [restartedMain][RepositoryConfigurationDelegate.registerRepositoriesIn(RepositoryConfigurationDelegate.java:201)] Finished Spring Data repository scanning in 350 ms. Found 3 JPA repository interfaces.
09:09:24.121 INFO  [restartedMain][TomcatWebServer.initialize(TomcatWebServer.java:108)] Tomcat initialized with port(s): 8081 (http)
09:09:24.156 INFO  [restartedMain][Http11NioProtocol.log(DirectJDKLog.java:173)] Initializing ProtocolHandler ["http-nio-8081"]
09:09:24.161 INFO  [restartedMain][StandardService.log(DirectJDKLog.java:173)] Starting service [Tomcat]
09:09:24.162 INFO  [restartedMain][StandardEngine.log(DirectJDKLog.java:173)] Starting Servlet engine: [Apache Tomcat/9.0.82]
09:09:24.459 INFO  [restartedMain][[/].log(DirectJDKLog.java:173)] Initializing Spring embedded WebApplicationContext
09:09:24.459 INFO  [restartedMain][ServletWebServerApplicationContext.prepareWebApplicationContext(ServletWebServerApplicationContext.java:292)] Root WebApplicationContext: initialization completed in 5852 ms
09:09:25.052 INFO  [restartedMain][HikariDataSource.getConnection(HikariDataSource.java:110)] HikariPool-1 - Starting...
09:09:25.759 INFO  [restartedMain][HikariDataSource.getConnection(HikariDataSource.java:123)] HikariPool-1 - Start completed.
09:09:26.083 INFO  [restartedMain][LogHelper.logPersistenceUnitInformation(LogHelper.java:31)] HHH000204: Processing PersistenceUnitInfo [name: default]
09:09:26.312 INFO  [restartedMain][Version.logVersion(Version.java:44)] HHH000412: Hibernate ORM core version 5.6.15.Final
09:09:26.858 INFO  [restartedMain][Version.<clinit>(JavaReflectionManager.java:56)] HCANN000001: Hibernate Commons Annotations {5.1.2.Final}
09:09:27.217 INFO  [restartedMain][Dialect.<init>(Dialect.java:175)] HHH000400: Using dialect: org.hibernate.dialect.MySQL8Dialect
09:09:28.069 WARN  [restartedMain][RootClass.checkCompositeIdentifier(RootClass.java:287)] HHH000038: Composite-id class does not override equals(): com.example.questionnaire.entity.QuestionId
09:09:28.070 WARN  [restartedMain][RootClass.checkCompositeIdentifier(RootClass.java:290)] HHH000039: Composite-id class does not override hashCode(): com.example.questionnaire.entity.QuestionId
09:09:29.028 INFO  [restartedMain][JtaPlatformInitiator.initiateService(JtaPlatformInitiator.java:52)] HHH000490: Using JtaPlatform implementation: [org.hibernate.engine.transaction.jta.platform.internal.NoJtaPlatform]
09:09:29.062 INFO  [restartedMain][LocalContainerEntityManagerFactoryBean.buildNativeEntityManagerFactory(AbstractEntityManagerFactoryBean.java:437)] Initialized JPA EntityManagerFactory for persistence unit 'default'
09:09:30.828 WARN  [restartedMain][JpaBaseConfiguration$JpaWebConfiguration.openEntityManagerInViewInterceptor(JpaBaseConfiguration.java:223)] spring.jpa.open-in-view is enabled by default. Therefore, database queries may be performed during view rendering. Explicitly configure spring.jpa.open-in-view to disable this warning
09:09:31.786 INFO  [restartedMain][OptionalLiveReloadServer.startServer(OptionalLiveReloadServer.java:59)] LiveReload server is running on port 35729
09:09:31.849 INFO  [restartedMain][Http11NioProtocol.log(DirectJDKLog.java:173)] Starting ProtocolHandler ["http-nio-8081"]
09:09:32.169 INFO  [restartedMain][TomcatWebServer.start(TomcatWebServer.java:220)] Tomcat started on port(s): 8081 (http) with context path ''
09:09:32.224 INFO  [restartedMain][QuestionnaireApplication.logStarted(StartupInfoLogger.java:61)] Started QuestionnaireApplication in 14.776 seconds (JVM running for 16.823)
09:10:02.994 INFO  [http-nio-8081-exec-1][[/].log(DirectJDKLog.java:173)] Initializing Spring DispatcherServlet 'dispatcherServlet'
09:10:02.996 INFO  [http-nio-8081-exec-1][DispatcherServlet.initServletBean(FrameworkServlet.java:525)] Initializing Servlet 'dispatcherServlet'
09:10:03.011 INFO  [http-nio-8081-exec-1][DispatcherServlet.initServletBean(FrameworkServlet.java:547)] Completed initialization in 14 ms
12:45:32.423 WARN  [HikariPool-1 housekeeper][HikariPool.run(HikariPool.java:788)] HikariPool-1 - Thread starvation or clock leap detected (housekeeper delta=18m2ms314µs700ns).
15:30:44.695 INFO  [File Watcher][LocalDevToolsAutoConfiguration$RestartingClassPathChangeChangedEventListener.onApplicationEvent(LocalDevToolsAutoConfiguration.java:211)] Restarting due to 1 class path change (0 additions, 0 deletions, 1 modification)
15:30:45.603 INFO  [Thread-5][Http11NioProtocol.log(DirectJDKLog.java:173)] Pausing ProtocolHandler ["http-nio-8081"]
15:30:45.607 INFO  [Thread-5][StandardService.log(DirectJDKLog.java:173)] Stopping service [Tomcat]
15:30:45.651 INFO  [Thread-5][[/].log(DirectJDKLog.java:173)] Destroying Spring FrameworkServlet 'dispatcherServlet'
15:30:45.849 INFO  [Thread-5][Http11NioProtocol.log(DirectJDKLog.java:173)] Stopping ProtocolHandler ["http-nio-8081"]
15:30:45.960 INFO  [Thread-5][Http11NioProtocol.log(DirectJDKLog.java:173)] Destroying ProtocolHandler ["http-nio-8081"]
15:30:46.001 INFO  [Thread-5][LocalContainerEntityManagerFactoryBean.destroy(AbstractEntityManagerFactoryBean.java:651)] Closing JPA EntityManagerFactory for persistence unit 'default'
15:30:46.221 INFO  [Thread-5][HikariDataSource.close(HikariDataSource.java:350)] HikariPool-1 - Shutdown initiated...
15:30:46.310 INFO  [Thread-5][HikariDataSource.close(HikariDataSource.java:352)] HikariPool-1 - Shutdown completed.
15:30:49.252 INFO  [restartedMain][QuestionnaireApplication.logStarting(StartupInfoLogger.java:55)] Starting QuestionnaireApplication using Java 17.0.2 on DESKTOP-DG5SNN9 with PID 3388 (D:\產業尖兵\Java_project\questionnaire\bin\main started by TOM HSIEH in D:\產業尖兵\Java_project\questionnaire)
15:30:49.254 INFO  [restartedMain][QuestionnaireApplication.logStartupProfileInfo(SpringApplication.java:632)] No active profile set, falling back to 1 default profile: "default"
15:30:50.683 INFO  [restartedMain][RepositoryConfigurationDelegate.registerRepositoriesIn(RepositoryConfigurationDelegate.java:132)] Bootstrapping Spring Data JPA repositories in DEFAULT mode.
15:30:50.727 INFO  [restartedMain][RepositoryConfigurationDelegate.registerRepositoriesIn(RepositoryConfigurationDelegate.java:201)] Finished Spring Data repository scanning in 42 ms. Found 3 JPA repository interfaces.
15:30:51.236 INFO  [restartedMain][TomcatWebServer.initialize(TomcatWebServer.java:108)] Tomcat initialized with port(s): 8081 (http)
15:30:51.238 INFO  [restartedMain][Http11NioProtocol.log(DirectJDKLog.java:173)] Initializing ProtocolHandler ["http-nio-8081"]
15:30:51.239 INFO  [restartedMain][StandardService.log(DirectJDKLog.java:173)] Starting service [Tomcat]
15:30:51.239 INFO  [restartedMain][StandardEngine.log(DirectJDKLog.java:173)] Starting Servlet engine: [Apache Tomcat/9.0.82]
15:30:51.377 INFO  [restartedMain][[/].log(DirectJDKLog.java:173)] Initializing Spring embedded WebApplicationContext
15:30:51.379 INFO  [restartedMain][ServletWebServerApplicationContext.prepareWebApplicationContext(ServletWebServerApplicationContext.java:292)] Root WebApplicationContext: initialization completed in 2117 ms
15:30:52.031 INFO  [restartedMain][HikariDataSource.getConnection(HikariDataSource.java:110)] HikariPool-2 - Starting...
15:30:52.144 INFO  [restartedMain][HikariDataSource.getConnection(HikariDataSource.java:123)] HikariPool-2 - Start completed.
15:30:52.161 INFO  [restartedMain][LogHelper.logPersistenceUnitInformation(LogHelper.java:31)] HHH000204: Processing PersistenceUnitInfo [name: default]
15:30:52.185 INFO  [restartedMain][Dialect.<init>(Dialect.java:175)] HHH000400: Using dialect: org.hibernate.dialect.MySQL8Dialect
15:30:52.542 WARN  [restartedMain][RootClass.checkCompositeIdentifier(RootClass.java:287)] HHH000038: Composite-id class does not override equals(): com.example.questionnaire.entity.QuestionId
15:30:52.544 WARN  [restartedMain][RootClass.checkCompositeIdentifier(RootClass.java:290)] HHH000039: Composite-id class does not override hashCode(): com.example.questionnaire.entity.QuestionId
15:30:53.049 INFO  [restartedMain][JtaPlatformInitiator.initiateService(JtaPlatformInitiator.java:52)] HHH000490: Using JtaPlatform implementation: [org.hibernate.engine.transaction.jta.platform.internal.NoJtaPlatform]
15:30:53.059 INFO  [restartedMain][LocalContainerEntityManagerFactoryBean.buildNativeEntityManagerFactory(AbstractEntityManagerFactoryBean.java:437)] Initialized JPA EntityManagerFactory for persistence unit 'default'
15:30:56.791 WARN  [restartedMain][JpaBaseConfiguration$JpaWebConfiguration.openEntityManagerInViewInterceptor(JpaBaseConfiguration.java:223)] spring.jpa.open-in-view is enabled by default. Therefore, database queries may be performed during view rendering. Explicitly configure spring.jpa.open-in-view to disable this warning
15:30:57.629 INFO  [restartedMain][OptionalLiveReloadServer.startServer(OptionalLiveReloadServer.java:59)] LiveReload server is running on port 35729
15:30:57.661 INFO  [restartedMain][Http11NioProtocol.log(DirectJDKLog.java:173)] Starting ProtocolHandler ["http-nio-8081"]
15:30:57.749 INFO  [restartedMain][TomcatWebServer.start(TomcatWebServer.java:220)] Tomcat started on port(s): 8081 (http) with context path ''
15:30:57.865 INFO  [restartedMain][QuestionnaireApplication.logStarted(StartupInfoLogger.java:61)] Started QuestionnaireApplication in 9.909 seconds (JVM running for 22900.85)
15:30:57.878 INFO  [restartedMain][ConditionEvaluationDeltaLoggingListener.onApplicationEvent(ConditionEvaluationDeltaLoggingListener.java:63)] Condition evaluation unchanged
15:30:57.924 INFO  [http-nio-8081-exec-1][[/].log(DirectJDKLog.java:173)] Initializing Spring DispatcherServlet 'dispatcherServlet'
15:30:57.926 INFO  [http-nio-8081-exec-1][DispatcherServlet.initServletBean(FrameworkServlet.java:525)] Initializing Servlet 'dispatcherServlet'
15:30:57.932 INFO  [http-nio-8081-exec-1][DispatcherServlet.initServletBean(FrameworkServlet.java:547)] Completed initialization in 3 ms
16:39:38.573 WARN  [http-nio-8081-exec-9][DefaultHandlerExceptionResolver.logException(AbstractHandlerExceptionResolver.java:208)] Resolved [org.springframework.web.bind.MissingServletRequestParameterException: Required request parameter 'qnId' for method parameter type int is not present]
16:40:02.749 WARN  [http-nio-8081-exec-8][DefaultHandlerExceptionResolver.logException(AbstractHandlerExceptionResolver.java:208)] Resolved [org.springframework.web.bind.MissingServletRequestParameterException: Required request parameter 'qnId' for method parameter type int is not present]
20:45:10.319 INFO  [restartedMain][QuestionnaireApplication.logStarting(StartupInfoLogger.java:55)] Starting QuestionnaireApplication using Java 17.0.2 on DESKTOP-DG5SNN9 with PID 18852 (D:\產業尖兵\Java_project\questionnaire\bin\main started by TOM HSIEH in D:\產業尖兵\Java_project\questionnaire)
20:45:10.334 INFO  [restartedMain][QuestionnaireApplication.logStartupProfileInfo(SpringApplication.java:632)] No active profile set, falling back to 1 default profile: "default"
20:45:10.496 INFO  [restartedMain][DevToolsPropertyDefaultsPostProcessor.logTo(DeferredLog.java:255)] Devtools property defaults active! Set 'spring.devtools.add-properties' to 'false' to disable
20:45:10.498 INFO  [restartedMain][DevToolsPropertyDefaultsPostProcessor.logTo(DeferredLog.java:255)] For additional web related logging consider setting the 'logging.level.web' property to 'DEBUG'
20:45:12.291 INFO  [restartedMain][RepositoryConfigurationDelegate.registerRepositoriesIn(RepositoryConfigurationDelegate.java:132)] Bootstrapping Spring Data JPA repositories in DEFAULT mode.
20:45:12.496 INFO  [restartedMain][RepositoryConfigurationDelegate.registerRepositoriesIn(RepositoryConfigurationDelegate.java:201)] Finished Spring Data repository scanning in 171 ms. Found 3 JPA repository interfaces.
20:45:14.496 INFO  [restartedMain][TomcatWebServer.initialize(TomcatWebServer.java:108)] Tomcat initialized with port(s): 8081 (http)
20:45:14.511 INFO  [restartedMain][Http11NioProtocol.log(DirectJDKLog.java:173)] Initializing ProtocolHandler ["http-nio-8081"]
20:45:14.515 INFO  [restartedMain][StandardService.log(DirectJDKLog.java:173)] Starting service [Tomcat]
20:45:14.515 INFO  [restartedMain][StandardEngine.log(DirectJDKLog.java:173)] Starting Servlet engine: [Apache Tomcat/9.0.82]
20:45:14.749 INFO  [restartedMain][[/].log(DirectJDKLog.java:173)] Initializing Spring embedded WebApplicationContext
20:45:14.750 INFO  [restartedMain][ServletWebServerApplicationContext.prepareWebApplicationContext(ServletWebServerApplicationContext.java:292)] Root WebApplicationContext: initialization completed in 4250 ms
20:45:15.169 INFO  [restartedMain][HikariDataSource.getConnection(HikariDataSource.java:110)] HikariPool-1 - Starting...
20:45:15.758 INFO  [restartedMain][HikariDataSource.getConnection(HikariDataSource.java:123)] HikariPool-1 - Start completed.
20:45:15.900 INFO  [restartedMain][LogHelper.logPersistenceUnitInformation(LogHelper.java:31)] HHH000204: Processing PersistenceUnitInfo [name: default]
20:45:16.086 INFO  [restartedMain][Version.logVersion(Version.java:44)] HHH000412: Hibernate ORM core version 5.6.15.Final
20:45:16.487 INFO  [restartedMain][Version.<clinit>(JavaReflectionManager.java:56)] HCANN000001: Hibernate Commons Annotations {5.1.2.Final}
20:45:16.803 INFO  [restartedMain][Dialect.<init>(Dialect.java:175)] HHH000400: Using dialect: org.hibernate.dialect.MySQL8Dialect
20:45:17.371 WARN  [restartedMain][RootClass.checkCompositeIdentifier(RootClass.java:287)] HHH000038: Composite-id class does not override equals(): com.example.questionnaire.entity.QuestionId
20:45:17.371 WARN  [restartedMain][RootClass.checkCompositeIdentifier(RootClass.java:290)] HHH000039: Composite-id class does not override hashCode(): com.example.questionnaire.entity.QuestionId
20:45:18.056 INFO  [restartedMain][JtaPlatformInitiator.initiateService(JtaPlatformInitiator.java:52)] HHH000490: Using JtaPlatform implementation: [org.hibernate.engine.transaction.jta.platform.internal.NoJtaPlatform]
20:45:18.075 INFO  [restartedMain][LocalContainerEntityManagerFactoryBean.buildNativeEntityManagerFactory(AbstractEntityManagerFactoryBean.java:437)] Initialized JPA EntityManagerFactory for persistence unit 'default'
20:45:19.130 WARN  [restartedMain][JpaBaseConfiguration$JpaWebConfiguration.openEntityManagerInViewInterceptor(JpaBaseConfiguration.java:223)] spring.jpa.open-in-view is enabled by default. Therefore, database queries may be performed during view rendering. Explicitly configure spring.jpa.open-in-view to disable this warning
20:45:19.815 INFO  [restartedMain][OptionalLiveReloadServer.startServer(OptionalLiveReloadServer.java:59)] LiveReload server is running on port 35729
20:45:19.842 INFO  [restartedMain][Http11NioProtocol.log(DirectJDKLog.java:173)] Starting ProtocolHandler ["http-nio-8081"]
20:45:19.907 INFO  [restartedMain][TomcatWebServer.start(TomcatWebServer.java:220)] Tomcat started on port(s): 8081 (http) with context path ''
20:45:19.931 INFO  [restartedMain][QuestionnaireApplication.logStarted(StartupInfoLogger.java:61)] Started QuestionnaireApplication in 10.571 seconds (JVM running for 13.634)
20:49:19.960 INFO  [http-nio-8081-exec-2][[/].log(DirectJDKLog.java:173)] Initializing Spring DispatcherServlet 'dispatcherServlet'
20:49:19.977 INFO  [http-nio-8081-exec-2][DispatcherServlet.initServletBean(FrameworkServlet.java:525)] Initializing Servlet 'dispatcherServlet'
20:49:20.119 INFO  [http-nio-8081-exec-2][DispatcherServlet.initServletBean(FrameworkServlet.java:547)] Completed initialization in 141 ms
